[2017-06-12 12:01:35] [info] Start Program:
Path:"./Debug/SDA.exe"
Arguments:
Working directory: not set.
Modules: Selected: * Excluded: 
Sources: Selected: SDA Excluded: 
Log Level: Normal
Cover Children: 0
Aggregate by file: 1
Continue after C++ exception: 0
Optimized build support: 0
Export: Html 
Input coverage: 
Unified diff: 
Excluded line regular expressions: 

[2017-06-12 12:01:35] [info] Module: E:\SDA\Debug\SDA.exe is selected because it matches selected pattern: *
[2017-06-12 12:01:35] [info] Module: C:\Windows\System32\ntdll.dll is selected because it matches selected pattern: *
[2017-06-12 12:01:35] [warning] Cannot find pdb for C:\Windows\System32\ntdll.dll
[2017-06-12 12:01:35] [info] Module: C:\Windows\SysWOW64\ntdll.dll is selected because it matches selected pattern: *
[2017-06-12 12:01:35] [warning] Cannot find pdb for C:\Windows\SysWOW64\ntdll.dll
[2017-06-12 12:01:35] [info] Module: C:\Windows\System32\wow64.dll is selected because it matches selected pattern: *
[2017-06-12 12:01:35] [warning] Cannot find pdb for C:\Windows\System32\wow64.dll
[2017-06-12 12:01:35] [info] Module: C:\Windows\System32\wow64win.dll is selected because it matches selected pattern: *
[2017-06-12 12:01:35] [warning] Cannot find pdb for C:\Windows\System32\wow64win.dll
[2017-06-12 12:01:35] [info] Module: C:\Windows\System32\wow64cpu.dll is selected because it matches selected pattern: *
[2017-06-12 12:01:35] [warning] Cannot find pdb for C:\Windows\System32\wow64cpu.dll
[2017-06-12 12:01:35] [info] Module: C:\Windows\System32\kernel32.dll is selected because it matches selected pattern: *
[2017-06-12 12:01:35] [warning] Cannot find pdb for C:\Windows\System32\kernel32.dll
[2017-06-12 12:01:35] [info] Module: C:\Windows\SysWOW64\kernel32.dll is selected because it matches selected pattern: *
[2017-06-12 12:01:35] [warning] Cannot find pdb for C:\Windows\SysWOW64\kernel32.dll
[2017-06-12 12:01:35] [info] Module: C:\Windows\System32\kernel32.dll is selected because it matches selected pattern: *
[2017-06-12 12:01:35] [warning] Cannot find pdb for C:\Windows\System32\kernel32.dll
[2017-06-12 12:01:35] [info] Module: C:\Windows\System32\user32.dll is selected because it matches selected pattern: *
[2017-06-12 12:01:35] [warning] Cannot find pdb for C:\Windows\System32\user32.dll
[2017-06-12 12:01:35] [info] Module: C:\Windows\SysWOW64\kernel32.dll is selected because it matches selected pattern: *
[2017-06-12 12:01:35] [warning] Cannot find pdb for C:\Windows\SysWOW64\kernel32.dll
[2017-06-12 12:01:35] [info] Module: C:\Windows\SysWOW64\KernelBase.dll is selected because it matches selected pattern: *
[2017-06-12 12:01:35] [warning] Cannot find pdb for C:\Windows\SysWOW64\KernelBase.dll
[2017-06-12 12:01:35] [info] Module: C:\Windows\SysWOW64\msvcp140d.dll is selected because it matches selected pattern: *
[2017-06-12 12:01:35] [warning] Cannot find pdb for C:\Windows\SysWOW64\msvcp140d.dll
[2017-06-12 12:01:35] [info] Module: C:\Windows\SysWOW64\vcruntime140d.dll is selected because it matches selected pattern: *
[2017-06-12 12:01:35] [warning] Cannot find pdb for C:\Windows\SysWOW64\vcruntime140d.dll
[2017-06-12 12:01:35] [info] Module: C:\Windows\SysWOW64\ucrtbased.dll is selected because it matches selected pattern: *
[2017-06-12 12:01:36] [warning] Cannot find pdb for C:\Windows\SysWOW64\ucrtbased.dll
[2017-06-12 12:01:36] [info] ----------------------------------------------------
[2017-06-12 12:01:36] [info] Coverage generated in Folder E:\SDA\CoverageReport-2017-06-12-12h01m36s
[2017-06-12 12:01:36] [info] ----------------------------------------------------
